<?xml version="1.0" encoding="UTF-8"?>
<!-- Generated by org.testng.reporters.JUnitReportReporter -->
<testsuite hostname="EvolveVM-1-0" failures="0" tests="1" name="parabank.UserRegistrationTest" time="1.934" errors="0" timestamp="2025-01-12T16:58:59 IST" skipped="0">
  <testcase classname="parabank.UserRegistrationTest" name="userregistration" time="1.934"/>
</testsuite> <!-- parabank.UserRegistrationTest -->
