<?xml version="1.0" encoding="UTF-8"?>
<!-- Generated by org.testng.reporters.JUnitReportReporter -->
<testsuite hostname="EvolveVM-1-0" failures="0" tests="2" name="parabank.UserCreateAccountTest" time="1.375" errors="0" timestamp="2025-01-12T16:58:59 IST" skipped="1">
  <testcase classname="parabank.UserCreateAccountTest" name="createNewAccount" time="1.374"/>
  <testcase classname="parabank.UserCreateAccountTest" name="printfunction" time="0.001">
    <skipped/>
  </testcase> <!-- printfunction -->
</testsuite> <!-- parabank.UserCreateAccountTest -->
