<?xml version="1.0" encoding="UTF-8"?>
<!-- Generated by org.testng.reporters.JUnitReportReporter -->
<testsuite hostname="EvolveVM-1-0" failures="0" tests="3" name="parabank.UserLoginTest" time="1.646" errors="0" timestamp="2025-01-12T16:58:59 IST" skipped="0">
  <testcase classname="parabank.UserLoginTest" name="userLogin" time="0.634"/>
  <testcase classname="parabank.UserLoginTest" name="userLogin" time="0.490"/>
  <testcase classname="parabank.UserLoginTest" name="userLogin" time="0.522"/>
</testsuite> <!-- parabank.UserLoginTest -->
